<?xml version="1.0" encoding="UTF-8"?>
<!-- Generated by org.testng.reporters.JUnitXMLReporter -->
<testsuite ignored="0" hostname="DESKTOP-SGJDKK5" failures="0" tests="3" name="OrangeHRM Login Tests" time="19.35" errors="0" timestamp="2026-06-30T15:22:10 IST">
  <testcase classname="com.parabank.automation.OrangeHRMLoginTest" name="testValidLogin" time="3.227"/>
  <testcase classname="com.parabank.automation.OrangeHRMLoginTest" name="testInvalidLogin" time="1.784"/>
  <testcase classname="com.parabank.automation.OrangeHRMLoginTest" name="testEmptyUsername" time="0.291"/>
</testsuite> <!-- OrangeHRM Login Tests -->
