<?xml version="1.0" encoding="UTF-8"?>
<!-- Generated by org.testng.reporters.JUnitXMLReporter -->
<testsuite ignored="0" hostname="DESKTOP-SGJDKK5" failures="0" tests="3" name="Sample Test" time="20.444" errors="0" timestamp="2026-06-30T15:09:51 IST">
  <testcase classname="com.parabank.automation.OrangeHRMLoginTest" name="testValidLogin" time="3.744"/>
  <testcase classname="com.parabank.automation.OrangeHRMLoginTest" name="testInvalidLogin" time="1.614"/>
  <testcase classname="com.parabank.automation.OrangeHRMLoginTest" name="testEmptyUsername" time="0.366"/>
</testsuite> <!-- Sample Test -->
