<?xml version="1.0" encoding="UTF-8"?>
<!-- Generated by org.testng.reporters.JUnitXMLReporter -->
<testsuite ignored="0" hostname="DESKTOP-SGJDKK5" failures="0" tests="5" name="Shopping Site Tests" time="29.808" errors="0" timestamp="2026-06-30T15:22:40 IST">
  <testcase classname="com.parabank.automation.ShoppingSiteTest" name="testValidLogin" time="3.498"/>
  <testcase classname="com.parabank.automation.ShoppingSiteTest" name="testInvalidLoginAlert" time="2.216"/>
  <testcase classname="com.parabank.automation.ShoppingSiteTest" name="testProductNavigationByXPath" time="2.613"/>
  <testcase classname="com.parabank.automation.ShoppingSiteTest" name="testCartPageNavigation" time="4.613"/>
  <testcase classname="com.parabank.automation.ShoppingSiteTest" name="testAddToCart" time="4.24"/>
</testsuite> <!-- Shopping Site Tests -->
