<?xml version="1.0" encoding="UTF-8"?>
<!-- Generated by org.testng.reporters.JUnitReportReporter -->
<testsuite hostname="DESKTOP-SGJDKK5" failures="0" tests="3" name="com.parabank.automation.OrangeHRMLoginTest" time="19.286" errors="0" timestamp="2026-06-30T15:22:40 IST" skipped="0">
  <testcase classname="com.parabank.automation.OrangeHRMLoginTest" name="testValidLogin" time="8.692"/>
  <testcase classname="com.parabank.automation.OrangeHRMLoginTest" name="testInvalidLogin" time="6.091"/>
  <testcase classname="com.parabank.automation.OrangeHRMLoginTest" name="testEmptyUsername" time="4.503"/>
</testsuite> <!-- com.parabank.automation.OrangeHRMLoginTest -->
