<?xml version="1.0" encoding="UTF-8"?>
<!-- Generated by org.testng.reporters.JUnitReportReporter -->
<testsuite hostname="DESKTOP-SGJDKK5" failures="0" tests="5" name="com.parabank.automation.ShoppingSiteTest" time="29.788" errors="0" timestamp="2026-06-30T15:22:40 IST" skipped="0">
  <testcase classname="com.parabank.automation.ShoppingSiteTest" name="testValidLogin" time="5.902"/>
  <testcase classname="com.parabank.automation.ShoppingSiteTest" name="testInvalidLoginAlert" time="4.800"/>
  <testcase classname="com.parabank.automation.ShoppingSiteTest" name="testProductNavigationByXPath" time="5.857"/>
  <testcase classname="com.parabank.automation.ShoppingSiteTest" name="testCartPageNavigation" time="7.081"/>
  <testcase classname="com.parabank.automation.ShoppingSiteTest" name="testAddToCart" time="6.148"/>
</testsuite> <!-- com.parabank.automation.ShoppingSiteTest -->
